INFO:werkzeug:[31m[1mWARNING: This is a development server. Do not use it in a production deployment. Use a production WSGI server instead.[0m
 * Running on http://127.0.0.1:4000
INFO:werkzeug:[33mPress CTRL+C to quit[0m
INFO:werkzeug: * Restarting with stat
WARNING:werkzeug: * Debugger is active!
INFO:werkzeug: * Debugger PIN: 646-720-486
INFO:root:getting url...
INFO:root:downloading mp3...
INFO:root:Transcribing...
INFO:root:converting m3 to wav...
INFO:root:Uploading wav file to the bucket...
INFO:werkzeug:127.0.0.1 - - [23/Dec/2022 19:37:56] "GET /transcribe?url=https:%2F%2Fpodcasts.google.com%2Ffeed%2FaHR0cHM6Ly9vcGVuLmZpcnN0b3J5Lm1lL3Jzcy91c2VyL2NsODZ2MmRrcTAzbnAwMXdmNjN5a2VsNWE%2Fepisode%2FY2w4Y3NxbHV5MDd4cDAxd2ZmcHVpOXphag%3Fsa%3DX%26ved%3D0CAQQ8qgGahgKEwigpq2Z9Y78AhUAAAAAHQAAAAAQzjI HTTP/1.1" 200 -
INFO:werkzeug:[31m[1mWARNING: This is a development server. Do not use it in a production deployment. Use a production WSGI server instead.[0m
 * Running on http://127.0.0.1:4000
INFO:werkzeug:[33mPress CTRL+C to quit[0m
INFO:werkzeug: * Restarting with stat
WARNING:werkzeug: * Debugger is active!
INFO:werkzeug: * Debugger PIN: 646-720-486
INFO:root:getting url...
INFO:root:downloading mp3...
INFO:root:Transcribing...
INFO:root:converting m3 to wav...
INFO:root:Uploading wav file to the bucket...
INFO:werkzeug:127.0.0.1 - - [23/Dec/2022 19:41:16] "GET /transcribe?url=https:%2F%2Fpodcasts.google.com%2Ffeed%2FaHR0cHM6Ly9vcGVuLmZpcnN0b3J5Lm1lL3Jzcy91c2VyL2NsODZ2MmRrcTAzbnAwMXdmNjN5a2VsNWE%2Fepisode%2FY2w4Y3NxMTEzMDJ5eDAxc2w4dXI3ZDZmdA%3Fsa%3DX%26ved%3D0CAUQkfYCahgKEwigpq2Z9Y78AhUAAAAAHQAAAAAQ3jI HTTP/1.1" 200 -
INFO:werkzeug: * Detected change in '/Users/chunkuei/code/course-111/IR/Final/Final_Project/backend/index.py', reloading
INFO:werkzeug: * Restarting with stat
WARNING:werkzeug: * Debugger is active!
INFO:werkzeug: * Debugger PIN: 646-720-486
